<?xml version="1.0" encoding="UTF-8"?>
<TestRun id="65dfa6bd-acbb-459e-b8c0-8b3e22d4c5e5" name="Acer@ACER-PC 2013-03-22 12:02:28" runUser="Acer-PC\Acer" xmlns="http://microsoft.com/schemas/VisualStudio/TeamTest/2010">
  <TestSettings name="Local" id="2bf091c0-cec2-4527-808f-780a2e87cadf">
    <Description>These are default test settings for a local test run.</Description>
    <Deployment enabled="false" runDeploymentRoot="Acer_ACER-PC 2013-03-22 12_02_28">
      <DeploymentItem filename="C:\Users\Acer\Documents\Visual Studio 2010\WebSites\CoffeeApp\CoffeeApp.UnitTests\bin\Debug\EntityFramework.dll" />
      <DeploymentItem filename="C:\Users\Acer\Documents\Visual Studio 2010\WebSites\CoffeeApp\CoffeeApp.Domain\bin\Debug\CoffeeStore.Domain.dll" />
      <DeploymentItem filename="C:\Users\Acer\Documents\Visual Studio 2010\WebSites\CoffeeApp\CoffeeApp.UnitTests\bin\Debug\Moq.dll" />
      <DeploymentItem filename="C:\Users\Acer\Documents\Visual Studio 2010\WebSites\CoffeeApp\CoffeeApp.UnitTests\bin\Debug\Ninject.dll" />
      <DeploymentItem filename="C:\Users\Acer\Documents\Visual Studio 2010\WebSites\CoffeeApp\CoffeeApp.Web\bin\CoffeeApp.Web.dll" />
    </Deployment>
    <Execution>
      <TestTypeSpecific />
      <AgentRule name="Execution Agents">
      </AgentRule>
    </Execution>
  </TestSettings>
  <Times creation="2013-03-22T12:02:28.9709580+03:00" queuing="2013-03-22T12:02:30.5710495+03:00" start="2013-03-22T12:02:30.7990626+03:00" finish="2013-03-22T12:03:15.2616057+03:00" />
  <ResultSummary outcome="Error">
    <Counters total="1" executed="1" error="0" failed="0" timeout="0" aborted="1" inconclusive="0" passedButRunAborted="0" notRunnable="0" notExecuted="0" disconnected="0" warning="0" passed="0" completed="0" inProgress="0" pending="0" />
    <RunInfos>
      <RunInfo computerName="ACER-PC" outcome="Error" timestamp="2013-03-22T12:03:15.2586055+03:00">
        <Text>Test host process exited unexpectedly.</Text>
      </RunInfo>
    </RunInfos>
  </ResultSummary>
  <TestDefinitions>
    <UnitTest name="Can_Retrive_From_Coffee_Discount" storage="c:\users\acer\documents\visual studio 2010\websites\coffeeapp\coffeeapp.unittests\bin\debug\coffeeapp.unittests.dll" id="95193e15-b675-c78e-29a3-6f87b9728100">
      <Execution id="e4652563-60ac-4d2d-9e64-933ae6de6201" />
      <TestMethod codeBase="C:/Users/Acer/Documents/Visual Studio 2010/WebSites/CoffeeApp/CoffeeApp.UnitTests/bin/Debug/CoffeeApp.UnitTests.DLL" adapterTypeName="Microsoft.VisualStudio.TestTools.TestTypes.Unit.UnitTestAdapter, Microsoft.VisualStudio.QualityTools.Tips.UnitTest.Adapter, Version=10.0.0.0, Culture=neutral, PublicKeyToken=b03f5f7f11d50a3a" className="CoffeeApp.UnitTests.UnitTest1, CoffeeApp.UnitTests, Version=1.0.0.0, Culture=neutral, PublicKeyToken=null" name="Can_Retrive_From_Coffee_Discount" />
    </UnitTest>
  </TestDefinitions>
  <TestLists>
    <TestList name="Results Not in a List" id="8c84fa94-04c1-424b-9868-57a2d4851a1d" />
    <TestList name="All Loaded Results" id="19431567-8539-422a-85d7-44ee4e166bda" />
  </TestLists>
  <TestEntries>
    <TestEntry testId="95193e15-b675-c78e-29a3-6f87b9728100" executionId="e4652563-60ac-4d2d-9e64-933ae6de6201" testListId="8c84fa94-04c1-424b-9868-57a2d4851a1d" />
  </TestEntries>
  <Results>
    <UnitTestResult executionId="e4652563-60ac-4d2d-9e64-933ae6de6201" testId="95193e15-b675-c78e-29a3-6f87b9728100" testName="Can_Retrive_From_Coffee_Discount" computerName="ACER-PC" duration="00:00:44.2565313" startTime="2013-03-22T12:02:31.0050744+03:00" endTime="2013-03-22T12:03:15.2616057+03:00" testType="13cdc9d9-ddb5-4fa4-a97d-d965ccfc6d4b" outcome="Aborted" testListId="8c84fa94-04c1-424b-9868-57a2d4851a1d" relativeResultsDirectory="e4652563-60ac-4d2d-9e64-933ae6de6201">
    </UnitTestResult>
  </Results>
</TestRun>