<?xml version="1.0" encoding="UTF-8"?>
<TestRun id="72578868-10da-407d-b90d-5e681fc80374" name="Acer@ACER-PC 2013-03-31 12:29:21" runUser="Acer-PC\Acer" xmlns="http://microsoft.com/schemas/VisualStudio/TeamTest/2010">
  <TestSettings name="Local" id="2bf091c0-cec2-4527-808f-780a2e87cadf">
    <Description>These are default test settings for a local test run.</Description>
    <Deployment enabled="false" runDeploymentRoot="Acer_ACER-PC 2013-03-31 12_29_21">
      <DeploymentItem filename="C:\Users\Acer\Documents\Visual Studio 2010\WebSites\CoffeeApp\CoffeeApp.UnitTests\bin\Debug\EntityFramework.dll" />
      <DeploymentItem filename="C:\Users\Acer\Documents\Visual Studio 2010\WebSites\CoffeeApp\CoffeeApp.Domain\bin\Debug\CoffeeStore.Domain.dll" />
      <DeploymentItem filename="C:\Users\Acer\Documents\Visual Studio 2010\WebSites\CoffeeApp\CoffeeApp.UnitTests\bin\Debug\Moq.dll" />
      <DeploymentItem filename="C:\Users\Acer\Documents\Visual Studio 2010\WebSites\CoffeeApp\CoffeeApp.UnitTests\bin\Debug\Ninject.dll" />
      <DeploymentItem filename="C:\Users\Acer\Documents\Visual Studio 2010\WebSites\CoffeeApp\CoffeeApp.Web\bin\CoffeeApp.Web.dll" />
    </Deployment>
    <Execution>
      <TestTypeSpecific />
      <AgentRule name="Execution Agents">
      </AgentRule>
    </Execution>
  </TestSettings>
  <Times creation="2013-03-31T12:29:21.4218909+04:00" queuing="2013-03-31T12:29:23.2249941+04:00" start="2013-03-31T12:29:23.3860033+04:00" finish="2013-03-31T12:29:26.0321546+04:00" />
  <ResultSummary outcome="Completed">
    <Counters total="1" executed="1" passed="1" error="0" failed="0" timeout="0" aborted="0" inconclusive="0" passedButRunAborted="0" notRunnable="0" notExecuted="0" disconnected="0" warning="0" completed="0" inProgress="0" pending="0" />
  </ResultSummary>
  <TestDefinitions>
    <UnitTest name="Can_Add_Order_Via_Controller" storage="c:\users\acer\documents\visual studio 2010\websites\coffeeapp\coffeeapp.unittests\bin\debug\coffeeapp.unittests.dll" id="4d55d855-d461-8f3f-c6ac-b43406809cf8">
      <Execution id="46997231-a410-4aca-8933-455f738399e4" />
      <TestMethod codeBase="C:/Users/Acer/Documents/Visual Studio 2010/WebSites/CoffeeApp/CoffeeApp.UnitTests/bin/Debug/CoffeeApp.UnitTests.DLL" adapterTypeName="Microsoft.VisualStudio.TestTools.TestTypes.Unit.UnitTestAdapter, Microsoft.VisualStudio.QualityTools.Tips.UnitTest.Adapter, Version=10.0.0.0, Culture=neutral, PublicKeyToken=b03f5f7f11d50a3a" className="CoffeeApp.UnitTests.UnitTest1, CoffeeApp.UnitTests, Version=1.0.0.0, Culture=neutral, PublicKeyToken=null" name="Can_Add_Order_Via_Controller" />
    </UnitTest>
  </TestDefinitions>
  <TestLists>
    <TestList name="Results Not in a List" id="8c84fa94-04c1-424b-9868-57a2d4851a1d" />
    <TestList name="All Loaded Results" id="19431567-8539-422a-85d7-44ee4e166bda" />
  </TestLists>
  <TestEntries>
    <TestEntry testId="4d55d855-d461-8f3f-c6ac-b43406809cf8" executionId="46997231-a410-4aca-8933-455f738399e4" testListId="8c84fa94-04c1-424b-9868-57a2d4851a1d" />
  </TestEntries>
  <Results>
    <UnitTestResult executionId="46997231-a410-4aca-8933-455f738399e4" testId="4d55d855-d461-8f3f-c6ac-b43406809cf8" testName="Can_Add_Order_Via_Controller" computerName="ACER-PC" duration="00:00:00.5438438" startTime="2013-03-31T12:29:23.5150106+04:00" endTime="2013-03-31T12:29:25.8221426+04:00" testType="13cdc9d9-ddb5-4fa4-a97d-d965ccfc6d4b" outcome="Passed" testListId="8c84fa94-04c1-424b-9868-57a2d4851a1d" relativeResultsDirectory="46997231-a410-4aca-8933-455f738399e4">
    </UnitTestResult>
  </Results>
</TestRun>