<?xml version="1.0" encoding="UTF-8"?>
<TestRun id="ba444c87-c840-4a25-829e-4b8400599b1a" name="Acer@ACER-PC 2013-03-21 14:27:49" runUser="Acer-PC\Acer" xmlns="http://microsoft.com/schemas/VisualStudio/TeamTest/2010">
  <TestSettings name="Local" id="2bf091c0-cec2-4527-808f-780a2e87cadf">
    <Description>These are default test settings for a local test run.</Description>
    <Deployment enabled="false" runDeploymentRoot="Acer_ACER-PC 2013-03-21 14_27_49">
      <DeploymentItem filename="C:\Users\Acer\Documents\Visual Studio 2010\WebSites\CoffeeApp\CoffeeApp.UnitTests\bin\Debug\EntityFramework.dll" />
      <DeploymentItem filename="C:\Users\Acer\Documents\Visual Studio 2010\WebSites\CoffeeApp\CoffeeApp.Domain\bin\Debug\CoffeeStore.Domain.dll" />
      <DeploymentItem filename="C:\Users\Acer\Documents\Visual Studio 2010\WebSites\CoffeeApp\CoffeeApp.UnitTests\bin\Debug\Moq.dll" />
      <DeploymentItem filename="C:\Users\Acer\Documents\Visual Studio 2010\WebSites\CoffeeApp\CoffeeApp.UnitTests\bin\Debug\Ninject.dll" />
      <DeploymentItem filename="C:\Users\Acer\Documents\Visual Studio 2010\WebSites\CoffeeApp\CoffeeApp.Web\bin\CoffeeApp.Web.dll" />
    </Deployment>
    <Execution>
      <TestTypeSpecific />
      <AgentRule name="Execution Agents">
      </AgentRule>
    </Execution>
  </TestSettings>
  <Times creation="2013-03-21T14:27:49.6953017+03:00" queuing="2013-03-21T14:27:51.9614313+03:00" start="2013-03-21T14:27:52.0964390+03:00" finish="2013-03-21T14:28:03.2670780+03:00" />
  <ResultSummary outcome="Error">
    <Counters total="5" executed="1" error="0" failed="0" timeout="0" aborted="1" inconclusive="0" passedButRunAborted="0" notRunnable="0" notExecuted="4" disconnected="0" warning="0" passed="0" completed="0" inProgress="0" pending="0" />
    <RunInfos>
      <RunInfo computerName="ACER-PC" outcome="Error" timestamp="2013-03-21T14:28:03.2390763+03:00">
        <Text>Test host process exited unexpectedly.</Text>
      </RunInfo>
    </RunInfos>
  </ResultSummary>
  <TestDefinitions>
    <UnitTest name="Can_Retrieve_Coffee_from_Coffees_Moq" storage="c:\users\acer\documents\visual studio 2010\websites\coffeeapp\coffeeapp.unittests\bin\debug\coffeeapp.unittests.dll" id="d62de014-2fbb-f20a-241f-2641abf36cb8">
      <Execution id="aeaa7964-2f27-4a04-bc8e-3ba7cf917880" />
      <TestMethod codeBase="C:/Users/Acer/Documents/Visual Studio 2010/WebSites/CoffeeApp/CoffeeApp.UnitTests/bin/Debug/CoffeeApp.UnitTests.DLL" adapterTypeName="Microsoft.VisualStudio.TestTools.TestTypes.Unit.UnitTestAdapter, Microsoft.VisualStudio.QualityTools.Tips.UnitTest.Adapter, Version=10.0.0.0, Culture=neutral, PublicKeyToken=b03f5f7f11d50a3a" className="CoffeeApp.UnitTests.UnitTest1, CoffeeApp.UnitTests, Version=1.0.0.0, Culture=neutral, PublicKeyToken=null" name="Can_Retrieve_Coffee_from_Coffees_Moq" />
    </UnitTest>
    <UnitTest name="Can_Retrieve_Configuration_from_ADO" storage="c:\users\acer\documents\visual studio 2010\websites\coffeeapp\coffeeapp.unittests\bin\debug\coffeeapp.unittests.dll" id="4cde9292-2fb9-addb-474c-e24cce1c1be6">
      <Execution id="412f65c2-4779-4175-8f5c-2181b891dad8" />
      <TestMethod codeBase="C:/Users/Acer/Documents/Visual Studio 2010/WebSites/CoffeeApp/CoffeeApp.UnitTests/bin/Debug/CoffeeApp.UnitTests.DLL" adapterTypeName="Microsoft.VisualStudio.TestTools.TestTypes.Unit.UnitTestAdapter, Microsoft.VisualStudio.QualityTools.Tips.UnitTest.Adapter, Version=10.0.0.0, Culture=neutral, PublicKeyToken=b03f5f7f11d50a3a" className="CoffeeApp.UnitTests.UnitTest1, CoffeeApp.UnitTests, Version=1.0.0.0, Culture=neutral, PublicKeyToken=null" name="Can_Retrieve_Configuration_from_ADO" />
    </UnitTest>
    <UnitTest name="Can_Retrieve_Coffee_from_EF" storage="c:\users\acer\documents\visual studio 2010\websites\coffeeapp\coffeeapp.unittests\bin\debug\coffeeapp.unittests.dll" id="16213258-2dcd-6348-7a3d-6def85afe508">
      <Execution id="b095c4e7-8224-4170-9186-04ec27cf11c3" />
      <TestMethod codeBase="C:/Users/Acer/Documents/Visual Studio 2010/WebSites/CoffeeApp/CoffeeApp.UnitTests/bin/Debug/CoffeeApp.UnitTests.DLL" adapterTypeName="Microsoft.VisualStudio.TestTools.TestTypes.Unit.UnitTestAdapter, Microsoft.VisualStudio.QualityTools.Tips.UnitTest.Adapter, Version=10.0.0.0, Culture=neutral, PublicKeyToken=b03f5f7f11d50a3a" className="CoffeeApp.UnitTests.UnitTest1, CoffeeApp.UnitTests, Version=1.0.0.0, Culture=neutral, PublicKeyToken=null" name="Can_Retrieve_Coffee_from_EF" />
    </UnitTest>
    <UnitTest name="Can_Retrieve_Coffee_from_ADO" storage="c:\users\acer\documents\visual studio 2010\websites\coffeeapp\coffeeapp.unittests\bin\debug\coffeeapp.unittests.dll" id="14da9b02-3533-0f10-5b88-f8208e676f0a">
      <Execution id="bc478fc4-a0d0-4047-90a0-f97c6983e826" />
      <TestMethod codeBase="C:/Users/Acer/Documents/Visual Studio 2010/WebSites/CoffeeApp/CoffeeApp.UnitTests/bin/Debug/CoffeeApp.UnitTests.DLL" adapterTypeName="Microsoft.VisualStudio.TestTools.TestTypes.Unit.UnitTestAdapter, Microsoft.VisualStudio.QualityTools.Tips.UnitTest.Adapter, Version=10.0.0.0, Culture=neutral, PublicKeyToken=b03f5f7f11d50a3a" className="CoffeeApp.UnitTests.UnitTest1, CoffeeApp.UnitTests, Version=1.0.0.0, Culture=neutral, PublicKeyToken=null" name="Can_Retrieve_Coffee_from_ADO" />
    </UnitTest>
    <UnitTest name="Can_Retrieve_Configuration_from_EF" storage="c:\users\acer\documents\visual studio 2010\websites\coffeeapp\coffeeapp.unittests\bin\debug\coffeeapp.unittests.dll" id="ad8d46b0-9ad6-e4c4-90d5-8a708038937b">
      <Execution id="1bacf2e6-5efe-4f1f-93d3-38d7cb10a93a" />
      <TestMethod codeBase="C:/Users/Acer/Documents/Visual Studio 2010/WebSites/CoffeeApp/CoffeeApp.UnitTests/bin/Debug/CoffeeApp.UnitTests.DLL" adapterTypeName="Microsoft.VisualStudio.TestTools.TestTypes.Unit.UnitTestAdapter, Microsoft.VisualStudio.QualityTools.Tips.UnitTest.Adapter, Version=10.0.0.0, Culture=neutral, PublicKeyToken=b03f5f7f11d50a3a" className="CoffeeApp.UnitTests.UnitTest1, CoffeeApp.UnitTests, Version=1.0.0.0, Culture=neutral, PublicKeyToken=null" name="Can_Retrieve_Configuration_from_EF" />
    </UnitTest>
  </TestDefinitions>
  <TestLists>
    <TestList name="Results Not in a List" id="8c84fa94-04c1-424b-9868-57a2d4851a1d" />
    <TestList name="All Loaded Results" id="19431567-8539-422a-85d7-44ee4e166bda" />
  </TestLists>
  <TestEntries>
    <TestEntry testId="14da9b02-3533-0f10-5b88-f8208e676f0a" executionId="bc478fc4-a0d0-4047-90a0-f97c6983e826" testListId="8c84fa94-04c1-424b-9868-57a2d4851a1d" />
    <TestEntry testId="16213258-2dcd-6348-7a3d-6def85afe508" executionId="b095c4e7-8224-4170-9186-04ec27cf11c3" testListId="8c84fa94-04c1-424b-9868-57a2d4851a1d" />
    <TestEntry testId="4cde9292-2fb9-addb-474c-e24cce1c1be6" executionId="412f65c2-4779-4175-8f5c-2181b891dad8" testListId="8c84fa94-04c1-424b-9868-57a2d4851a1d" />
    <TestEntry testId="ad8d46b0-9ad6-e4c4-90d5-8a708038937b" executionId="1bacf2e6-5efe-4f1f-93d3-38d7cb10a93a" testListId="8c84fa94-04c1-424b-9868-57a2d4851a1d" />
    <TestEntry testId="d62de014-2fbb-f20a-241f-2641abf36cb8" executionId="aeaa7964-2f27-4a04-bc8e-3ba7cf917880" testListId="8c84fa94-04c1-424b-9868-57a2d4851a1d" />
  </TestEntries>
  <Results>
    <UnitTestResult executionId="bc478fc4-a0d0-4047-90a0-f97c6983e826" testId="14da9b02-3533-0f10-5b88-f8208e676f0a" testName="Can_Retrieve_Coffee_from_ADO" computerName="ACER-PC" duration="00:00:11.0276308" startTime="2013-03-21T14:27:52.2174459+03:00" endTime="2013-03-21T14:28:03.2450767+03:00" testType="13cdc9d9-ddb5-4fa4-a97d-d965ccfc6d4b" outcome="Aborted" testListId="8c84fa94-04c1-424b-9868-57a2d4851a1d" relativeResultsDirectory="bc478fc4-a0d0-4047-90a0-f97c6983e826">
    </UnitTestResult>
    <UnitTestResult executionId="b095c4e7-8224-4170-9186-04ec27cf11c3" testId="16213258-2dcd-6348-7a3d-6def85afe508" testName="Can_Retrieve_Coffee_from_EF" computerName="ACER-PC" testType="13cdc9d9-ddb5-4fa4-a97d-d965ccfc6d4b" outcome="NotExecuted" testListId="8c84fa94-04c1-424b-9868-57a2d4851a1d" relativeResultsDirectory="b095c4e7-8224-4170-9186-04ec27cf11c3">
    </UnitTestResult>
    <UnitTestResult executionId="412f65c2-4779-4175-8f5c-2181b891dad8" testId="4cde9292-2fb9-addb-474c-e24cce1c1be6" testName="Can_Retrieve_Configuration_from_ADO" computerName="ACER-PC" testType="13cdc9d9-ddb5-4fa4-a97d-d965ccfc6d4b" outcome="NotExecuted" testListId="8c84fa94-04c1-424b-9868-57a2d4851a1d" relativeResultsDirectory="412f65c2-4779-4175-8f5c-2181b891dad8">
    </UnitTestResult>
    <UnitTestResult executionId="1bacf2e6-5efe-4f1f-93d3-38d7cb10a93a" testId="ad8d46b0-9ad6-e4c4-90d5-8a708038937b" testName="Can_Retrieve_Configuration_from_EF" computerName="ACER-PC" testType="13cdc9d9-ddb5-4fa4-a97d-d965ccfc6d4b" outcome="NotExecuted" testListId="8c84fa94-04c1-424b-9868-57a2d4851a1d" relativeResultsDirectory="1bacf2e6-5efe-4f1f-93d3-38d7cb10a93a">
    </UnitTestResult>
    <UnitTestResult executionId="aeaa7964-2f27-4a04-bc8e-3ba7cf917880" testId="d62de014-2fbb-f20a-241f-2641abf36cb8" testName="Can_Retrieve_Coffee_from_Coffees_Moq" computerName="ACER-PC" testType="13cdc9d9-ddb5-4fa4-a97d-d965ccfc6d4b" outcome="NotExecuted" testListId="8c84fa94-04c1-424b-9868-57a2d4851a1d" relativeResultsDirectory="aeaa7964-2f27-4a04-bc8e-3ba7cf917880">
    </UnitTestResult>
  </Results>
</TestRun>