<?xml version="1.0" encoding="UTF-8"?>
<TestRun id="c0e24913-d316-47ec-bb5b-6b512fb847ed" name="Acer@ACER-PC 2013-03-21 14:28:11" runUser="Acer-PC\Acer" xmlns="http://microsoft.com/schemas/VisualStudio/TeamTest/2010">
  <TestSettings name="Local" id="2bf091c0-cec2-4527-808f-780a2e87cadf">
    <Description>These are default test settings for a local test run.</Description>
    <Deployment enabled="false" runDeploymentRoot="Acer_ACER-PC 2013-03-21 14_28_11">
      <DeploymentItem filename="C:\Users\Acer\Documents\Visual Studio 2010\WebSites\CoffeeApp\CoffeeApp.UnitTests\bin\Debug\EntityFramework.dll" />
      <DeploymentItem filename="C:\Users\Acer\Documents\Visual Studio 2010\WebSites\CoffeeApp\CoffeeApp.Domain\bin\Debug\CoffeeStore.Domain.dll" />
      <DeploymentItem filename="C:\Users\Acer\Documents\Visual Studio 2010\WebSites\CoffeeApp\CoffeeApp.UnitTests\bin\Debug\Moq.dll" />
      <DeploymentItem filename="C:\Users\Acer\Documents\Visual Studio 2010\WebSites\CoffeeApp\CoffeeApp.UnitTests\bin\Debug\Ninject.dll" />
      <DeploymentItem filename="C:\Users\Acer\Documents\Visual Studio 2010\WebSites\CoffeeApp\CoffeeApp.Web\bin\CoffeeApp.Web.dll" />
    </Deployment>
    <Execution>
      <TestTypeSpecific />
      <AgentRule name="Execution Agents">
      </AgentRule>
    </Execution>
  </TestSettings>
  <Times creation="2013-03-21T14:28:11.3485402+03:00" queuing="2013-03-21T14:28:13.3626554+03:00" start="2013-03-21T14:28:13.5066636+03:00" finish="2013-03-21T14:28:26.7044185+03:00" />
  <ResultSummary outcome="Error">
    <Counters total="5" executed="3" passed="2" error="0" failed="0" timeout="0" aborted="1" inconclusive="0" passedButRunAborted="0" notRunnable="0" notExecuted="2" disconnected="0" warning="0" completed="0" inProgress="0" pending="0" />
    <RunInfos>
      <RunInfo computerName="ACER-PC" outcome="Error" timestamp="2013-03-21T14:28:26.6894176+03:00">
        <Text>Test host process exited unexpectedly.</Text>
      </RunInfo>
    </RunInfos>
  </ResultSummary>
  <TestDefinitions>
    <UnitTest name="Can_Retrieve_Coffee_from_Coffees_Moq" storage="c:\users\acer\documents\visual studio 2010\websites\coffeeapp\coffeeapp.unittests\bin\debug\coffeeapp.unittests.dll" id="d62de014-2fbb-f20a-241f-2641abf36cb8">
      <Execution id="62451134-4255-4f58-a3a9-ac3d977bbfd5" />
      <TestMethod codeBase="C:/Users/Acer/Documents/Visual Studio 2010/WebSites/CoffeeApp/CoffeeApp.UnitTests/bin/Debug/CoffeeApp.UnitTests.DLL" adapterTypeName="Microsoft.VisualStudio.TestTools.TestTypes.Unit.UnitTestAdapter, Microsoft.VisualStudio.QualityTools.Tips.UnitTest.Adapter, Version=10.0.0.0, Culture=neutral, PublicKeyToken=b03f5f7f11d50a3a" className="CoffeeApp.UnitTests.UnitTest1, CoffeeApp.UnitTests, Version=1.0.0.0, Culture=neutral, PublicKeyToken=null" name="Can_Retrieve_Coffee_from_Coffees_Moq" />
    </UnitTest>
    <UnitTest name="Can_Retrieve_Configuration_from_ADO" storage="c:\users\acer\documents\visual studio 2010\websites\coffeeapp\coffeeapp.unittests\bin\debug\coffeeapp.unittests.dll" id="4cde9292-2fb9-addb-474c-e24cce1c1be6">
      <Execution id="748e6647-7154-47ae-abdb-975e6b00a3e4" />
      <TestMethod codeBase="C:/Users/Acer/Documents/Visual Studio 2010/WebSites/CoffeeApp/CoffeeApp.UnitTests/bin/Debug/CoffeeApp.UnitTests.DLL" adapterTypeName="Microsoft.VisualStudio.TestTools.TestTypes.Unit.UnitTestAdapter, Microsoft.VisualStudio.QualityTools.Tips.UnitTest.Adapter, Version=10.0.0.0, Culture=neutral, PublicKeyToken=b03f5f7f11d50a3a" className="CoffeeApp.UnitTests.UnitTest1, CoffeeApp.UnitTests, Version=1.0.0.0, Culture=neutral, PublicKeyToken=null" name="Can_Retrieve_Configuration_from_ADO" />
    </UnitTest>
    <UnitTest name="Can_Retrieve_Coffee_from_EF" storage="c:\users\acer\documents\visual studio 2010\websites\coffeeapp\coffeeapp.unittests\bin\debug\coffeeapp.unittests.dll" id="16213258-2dcd-6348-7a3d-6def85afe508">
      <Execution id="deb6d52b-b5ba-4d30-af32-afde750f4daf" />
      <TestMethod codeBase="C:/Users/Acer/Documents/Visual Studio 2010/WebSites/CoffeeApp/CoffeeApp.UnitTests/bin/Debug/CoffeeApp.UnitTests.DLL" adapterTypeName="Microsoft.VisualStudio.TestTools.TestTypes.Unit.UnitTestAdapter, Microsoft.VisualStudio.QualityTools.Tips.UnitTest.Adapter, Version=10.0.0.0, Culture=neutral, PublicKeyToken=b03f5f7f11d50a3a" className="CoffeeApp.UnitTests.UnitTest1, CoffeeApp.UnitTests, Version=1.0.0.0, Culture=neutral, PublicKeyToken=null" name="Can_Retrieve_Coffee_from_EF" />
    </UnitTest>
    <UnitTest name="Can_Retrieve_Coffee_from_ADO" storage="c:\users\acer\documents\visual studio 2010\websites\coffeeapp\coffeeapp.unittests\bin\debug\coffeeapp.unittests.dll" id="14da9b02-3533-0f10-5b88-f8208e676f0a">
      <Execution id="2296ebc2-b133-47d2-bfd9-fa4e94be3e9b" />
      <TestMethod codeBase="C:/Users/Acer/Documents/Visual Studio 2010/WebSites/CoffeeApp/CoffeeApp.UnitTests/bin/Debug/CoffeeApp.UnitTests.DLL" adapterTypeName="Microsoft.VisualStudio.TestTools.TestTypes.Unit.UnitTestAdapter, Microsoft.VisualStudio.QualityTools.Tips.UnitTest.Adapter, Version=10.0.0.0, Culture=neutral, PublicKeyToken=b03f5f7f11d50a3a" className="CoffeeApp.UnitTests.UnitTest1, CoffeeApp.UnitTests, Version=1.0.0.0, Culture=neutral, PublicKeyToken=null" name="Can_Retrieve_Coffee_from_ADO" />
    </UnitTest>
    <UnitTest name="Can_Retrieve_Configuration_from_EF" storage="c:\users\acer\documents\visual studio 2010\websites\coffeeapp\coffeeapp.unittests\bin\debug\coffeeapp.unittests.dll" id="ad8d46b0-9ad6-e4c4-90d5-8a708038937b">
      <Execution id="85242fb4-1c85-413d-ad33-221d48665c16" />
      <TestMethod codeBase="C:/Users/Acer/Documents/Visual Studio 2010/WebSites/CoffeeApp/CoffeeApp.UnitTests/bin/Debug/CoffeeApp.UnitTests.DLL" adapterTypeName="Microsoft.VisualStudio.TestTools.TestTypes.Unit.UnitTestAdapter, Microsoft.VisualStudio.QualityTools.Tips.UnitTest.Adapter, Version=10.0.0.0, Culture=neutral, PublicKeyToken=b03f5f7f11d50a3a" className="CoffeeApp.UnitTests.UnitTest1, CoffeeApp.UnitTests, Version=1.0.0.0, Culture=neutral, PublicKeyToken=null" name="Can_Retrieve_Configuration_from_EF" />
    </UnitTest>
  </TestDefinitions>
  <TestLists>
    <TestList name="Results Not in a List" id="8c84fa94-04c1-424b-9868-57a2d4851a1d" />
    <TestList name="All Loaded Results" id="19431567-8539-422a-85d7-44ee4e166bda" />
  </TestLists>
  <TestEntries>
    <TestEntry testId="14da9b02-3533-0f10-5b88-f8208e676f0a" executionId="2296ebc2-b133-47d2-bfd9-fa4e94be3e9b" testListId="8c84fa94-04c1-424b-9868-57a2d4851a1d" />
    <TestEntry testId="16213258-2dcd-6348-7a3d-6def85afe508" executionId="deb6d52b-b5ba-4d30-af32-afde750f4daf" testListId="8c84fa94-04c1-424b-9868-57a2d4851a1d" />
    <TestEntry testId="4cde9292-2fb9-addb-474c-e24cce1c1be6" executionId="748e6647-7154-47ae-abdb-975e6b00a3e4" testListId="8c84fa94-04c1-424b-9868-57a2d4851a1d" />
    <TestEntry testId="ad8d46b0-9ad6-e4c4-90d5-8a708038937b" executionId="85242fb4-1c85-413d-ad33-221d48665c16" testListId="8c84fa94-04c1-424b-9868-57a2d4851a1d" />
    <TestEntry testId="d62de014-2fbb-f20a-241f-2641abf36cb8" executionId="62451134-4255-4f58-a3a9-ac3d977bbfd5" testListId="8c84fa94-04c1-424b-9868-57a2d4851a1d" />
  </TestEntries>
  <Results>
    <UnitTestResult executionId="2296ebc2-b133-47d2-bfd9-fa4e94be3e9b" testId="14da9b02-3533-0f10-5b88-f8208e676f0a" testName="Can_Retrieve_Coffee_from_ADO" computerName="ACER-PC" duration="00:00:02.2592038" startTime="2013-03-21T14:28:13.6286706+03:00" endTime="2013-03-21T14:28:17.4138871+03:00" testType="13cdc9d9-ddb5-4fa4-a97d-d965ccfc6d4b" outcome="Passed" testListId="8c84fa94-04c1-424b-9868-57a2d4851a1d" relativeResultsDirectory="2296ebc2-b133-47d2-bfd9-fa4e94be3e9b">
    </UnitTestResult>
    <UnitTestResult executionId="deb6d52b-b5ba-4d30-af32-afde750f4daf" testId="16213258-2dcd-6348-7a3d-6def85afe508" testName="Can_Retrieve_Coffee_from_EF" computerName="ACER-PC" duration="00:00:00.0138322" startTime="2013-03-21T14:28:17.4358884+03:00" endTime="2013-03-21T14:28:17.4898914+03:00" testType="13cdc9d9-ddb5-4fa4-a97d-d965ccfc6d4b" outcome="Passed" testListId="8c84fa94-04c1-424b-9868-57a2d4851a1d" relativeResultsDirectory="deb6d52b-b5ba-4d30-af32-afde750f4daf">
    </UnitTestResult>
    <UnitTestResult executionId="748e6647-7154-47ae-abdb-975e6b00a3e4" testId="4cde9292-2fb9-addb-474c-e24cce1c1be6" testName="Can_Retrieve_Configuration_from_ADO" computerName="ACER-PC" duration="00:00:09.1815252" startTime="2013-03-21T14:28:17.5118927+03:00" endTime="2013-03-21T14:28:26.6934179+03:00" testType="13cdc9d9-ddb5-4fa4-a97d-d965ccfc6d4b" outcome="Aborted" testListId="8c84fa94-04c1-424b-9868-57a2d4851a1d" relativeResultsDirectory="748e6647-7154-47ae-abdb-975e6b00a3e4">
    </UnitTestResult>
    <UnitTestResult executionId="85242fb4-1c85-413d-ad33-221d48665c16" testId="ad8d46b0-9ad6-e4c4-90d5-8a708038937b" testName="Can_Retrieve_Configuration_from_EF" computerName="ACER-PC" testType="13cdc9d9-ddb5-4fa4-a97d-d965ccfc6d4b" outcome="NotExecuted" testListId="8c84fa94-04c1-424b-9868-57a2d4851a1d" relativeResultsDirectory="85242fb4-1c85-413d-ad33-221d48665c16">
    </UnitTestResult>
    <UnitTestResult executionId="62451134-4255-4f58-a3a9-ac3d977bbfd5" testId="d62de014-2fbb-f20a-241f-2641abf36cb8" testName="Can_Retrieve_Coffee_from_Coffees_Moq" computerName="ACER-PC" testType="13cdc9d9-ddb5-4fa4-a97d-d965ccfc6d4b" outcome="NotExecuted" testListId="8c84fa94-04c1-424b-9868-57a2d4851a1d" relativeResultsDirectory="62451134-4255-4f58-a3a9-ac3d977bbfd5">
    </UnitTestResult>
  </Results>
</TestRun>