<?xml version="1.0" encoding="UTF-8"?>
<TestRun id="36e32b96-177d-46b7-9f4b-51e4d6bf3a84" name="Acer@ACER-PC 2013-03-21 14:13:56" runUser="Acer-PC\Acer" xmlns="http://microsoft.com/schemas/VisualStudio/TeamTest/2010">
  <TestSettings name="Local" id="2bf091c0-cec2-4527-808f-780a2e87cadf">
    <Description>These are default test settings for a local test run.</Description>
    <Deployment enabled="false" runDeploymentRoot="Acer_ACER-PC 2013-03-21 14_13_56">
      <DeploymentItem filename="C:\Users\Acer\Documents\Visual Studio 2010\WebSites\CoffeeApp\CoffeeApp.UnitTests\bin\Debug\EntityFramework.dll" />
      <DeploymentItem filename="C:\Users\Acer\Documents\Visual Studio 2010\WebSites\CoffeeApp\CoffeeApp.Domain\bin\Debug\CoffeeStore.Domain.dll" />
      <DeploymentItem filename="C:\Users\Acer\Documents\Visual Studio 2010\WebSites\CoffeeApp\CoffeeApp.UnitTests\bin\Debug\Moq.dll" />
      <DeploymentItem filename="C:\Users\Acer\Documents\Visual Studio 2010\WebSites\CoffeeApp\CoffeeApp.UnitTests\bin\Debug\Ninject.dll" />
      <DeploymentItem filename="C:\Users\Acer\Documents\Visual Studio 2010\WebSites\CoffeeApp\CoffeeApp.Web\bin\CoffeeApp.Web.dll" />
    </Deployment>
    <Execution>
      <TestTypeSpecific />
      <AgentRule name="Execution Agents">
      </AgentRule>
    </Execution>
  </TestSettings>
  <Times creation="2013-03-21T14:13:56.1426252+03:00" queuing="2013-03-21T14:13:57.9907309+03:00" start="2013-03-21T14:13:58.1147380+03:00" finish="2013-03-21T14:14:03.6060521+03:00" />
  <ResultSummary outcome="Completed">
    <Counters total="1" executed="1" passed="1" error="0" failed="0" timeout="0" aborted="0" inconclusive="0" passedButRunAborted="0" notRunnable="0" notExecuted="0" disconnected="0" warning="0" completed="0" inProgress="0" pending="0" />
  </ResultSummary>
  <TestDefinitions>
    <UnitTest name="Can_Retrieve_Configuration_from_EF" storage="c:\users\acer\documents\visual studio 2010\websites\coffeeapp\coffeeapp.unittests\bin\debug\coffeeapp.unittests.dll" id="ad8d46b0-9ad6-e4c4-90d5-8a708038937b">
      <Execution id="d69207d4-30a0-4823-8500-6e0ab8158ea7" />
      <TestMethod codeBase="C:/Users/Acer/Documents/Visual Studio 2010/WebSites/CoffeeApp/CoffeeApp.UnitTests/bin/Debug/CoffeeApp.UnitTests.DLL" adapterTypeName="Microsoft.VisualStudio.TestTools.TestTypes.Unit.UnitTestAdapter, Microsoft.VisualStudio.QualityTools.Tips.UnitTest.Adapter, Version=10.0.0.0, Culture=neutral, PublicKeyToken=b03f5f7f11d50a3a" className="CoffeeApp.UnitTests.UnitTest1, CoffeeApp.UnitTests, Version=1.0.0.0, Culture=neutral, PublicKeyToken=null" name="Can_Retrieve_Configuration_from_EF" />
    </UnitTest>
  </TestDefinitions>
  <TestLists>
    <TestList name="Results Not in a List" id="8c84fa94-04c1-424b-9868-57a2d4851a1d" />
    <TestList name="All Loaded Results" id="19431567-8539-422a-85d7-44ee4e166bda" />
  </TestLists>
  <TestEntries>
    <TestEntry testId="ad8d46b0-9ad6-e4c4-90d5-8a708038937b" executionId="d69207d4-30a0-4823-8500-6e0ab8158ea7" testListId="8c84fa94-04c1-424b-9868-57a2d4851a1d" />
  </TestEntries>
  <Results>
    <UnitTestResult executionId="d69207d4-30a0-4823-8500-6e0ab8158ea7" testId="ad8d46b0-9ad6-e4c4-90d5-8a708038937b" testName="Can_Retrieve_Configuration_from_EF" computerName="ACER-PC" duration="00:00:02.1004704" startTime="2013-03-21T14:13:58.2207441+03:00" endTime="2013-03-21T14:14:01.9359566+03:00" testType="13cdc9d9-ddb5-4fa4-a97d-d965ccfc6d4b" outcome="Passed" testListId="8c84fa94-04c1-424b-9868-57a2d4851a1d" relativeResultsDirectory="d69207d4-30a0-4823-8500-6e0ab8158ea7">
    </UnitTestResult>
  </Results>
</TestRun>